<?xml version="1.0" encoding="utf-8"?><testsuites name="pytest tests"><testsuite name="pytest" errors="0" failures="0" skipped="0" tests="153" time="7.312" timestamp="2026-07-23T16:15:18.772802+08:00" hostname="bogon"><testcase classname="tests.acceptance.test_pareto_route" name="test_route_a_accepts_strict_primary_improvement" time="0.002" /><testcase classname="tests.acceptance.test_pareto_route" name="test_route_b_accepts_quality_tie_with_measured_secondary_win" time="0.002" /><testcase classname="tests.acceptance.test_pareto_route" name="test_route_b_rejects_docs_bloat_and_unmeasured_clarity" time="0.003" /><testcase classname="tests.acceptance.test_pareto_route" name="test_primary_regression_cannot_be_hidden_by_secondary_win" time="0.002" /><testcase classname="tests.acceptance.test_policy" name="test_real_train_minibatch_can_promote_to_validation" time="0.002" /><testcase classname="tests.acceptance.test_policy" name="test_e1_cannot_enter_train_acceptance_gate" time="0.000" /><testcase classname="tests.acceptance.test_policy" name="test_validation_requires_minimum_tier_and_strict_gain" time="0.003" /><testcase classname="tests.acceptance.test_policy" name="test_regression_floor_and_variance_diagnostics" time="0.033" /><testcase classname="tests.acceptance.test_status" name="test_only_proposed_candidate_can_reach_terminal_gate_status" time="0.000" /><testcase classname="tests.acceptance.test_status" name="test_inconclusive_candidate_can_resolve_after_held_out_evidence" time="0.000" /><testcase classname="tests.benchmark_mutations.test_mutation_gate" name="test_all_assertion_families_kill_registered_mutants" time="0.680" /><testcase classname="tests.benchmarks.test_contract" name="test_benchmark_has_three_balanced_non_toy_packages" time="0.011" /><testcase classname="tests.benchmarks.test_contract" name="test_group_aware_split_and_license_provenance" time="0.007" /><testcase classname="tests.benchmarks.test_contract" name="test_blind_rubric_excludes_method_identity" time="0.000" /><testcase classname="tests.benchmarks.test_inventory" name="test_package_hash_changes_with_content_not_absolute_location" time="0.003" /><testcase classname="tests.benchmarks.test_public_skills" name="test_public_skill_script_satisfies_case_assertions[structured-report-builder-scripts/render_report.py---output-report.html]" time="0.035" /><testcase classname="tests.benchmarks.test_public_skills" name="test_public_skill_script_satisfies_case_assertions[tabular-context-builder-scripts/build_context_pack.py---output-dir-.]" time="0.037" /><testcase classname="tests.benchmarks.test_public_skills" name="test_public_skill_script_satisfies_case_assertions[policy-evidence-evaluator-scripts/evaluate_policy.py---output-dir-.]" time="0.032" /><testcase classname="tests.budget.test_contract" name="test_boundary_is_inclusive_and_next_reservation_is_atomic" time="0.000" /><testcase classname="tests.budget.test_contract" name="test_each_axis_forces_a_typed_stop[proposals]" time="0.000" /><testcase classname="tests.budget.test_contract" name="test_each_axis_forces_a_typed_stop[metric_calls]" time="0.000" /><testcase classname="tests.budget.test_contract" name="test_each_axis_forces_a_typed_stop[e1_calls]" time="0.000" /><testcase classname="tests.budget.test_contract" name="test_each_axis_forces_a_typed_stop[reflection_calls]" time="0.000" /><testcase classname="tests.budget.test_contract" name="test_each_axis_forces_a_typed_stop[tokens]" time="0.000" /><testcase classname="tests.contracts.test_public_core" name="test_execution_bundle_has_one_authoritative_class" time="0.000" /><testcase classname="tests.contracts.test_public_core" name="test_task_score_vector_preserves_six_separate_objectives" time="0.000" /><testcase classname="tests.contracts.test_public_core" name="test_public_core_exports_one_model_per_boundary" time="0.000" /><testcase classname="tests.evals.test_assertions" name="test_assertion_families_are_replayable" time="0.001" /><testcase classname="tests.evals.test_assertions" name="test_assertion_cannot_escape_artifact_root" time="0.001" /><testcase classname="tests.evals.test_assertions" name="test_json_assertion_treats_malformed_candidate_as_failure[not-json-/summary/count]" time="0.001" /><testcase classname="tests.evals.test_assertions" name="test_json_assertion_treats_malformed_candidate_as_failure[{&quot;summary&quot;: {}}-/summary/count]" time="0.001" /><testcase classname="tests.evals.test_assertions" name="test_json_assertion_treats_malformed_candidate_as_failure[{&quot;summary&quot;: []}-/summary/not-an-index]" time="0.001" /><testcase classname="tests.evals.test_diagnostics" name="test_fault_injection_covers_typed_failures_and_idempotency" time="0.029" /><testcase classname="tests.evals.test_diagnostics" name="test_cache_replay_and_resume_do_not_repeat_completed_work" time="0.018" /><testcase classname="tests.evals.test_engine_integration" name="test_e2_ingest_produces_replayable_e3_assertions" time="0.058" /><testcase classname="tests.evals.test_engine_integration" name="test_exported_work_hides_assertions_and_expected_labels" time="0.014" /><testcase classname="tests.evals.test_engine_integration" name="test_seal_run_indexes_ledger_and_agent_written_files" time="0.008" /><testcase classname="tests.evals.test_engine_integration" name="test_run_metadata_uses_portable_manifest_reference" time="0.007" /><testcase classname="tests.evals.test_eval_plan_onboarding" name="test_eval_plan_onboarding_review_freeze_and_resume" time="0.087" /><testcase classname="tests.evals.test_eval_plan_onboarding" name="test_executor_view_does_not_expose_functional_oracles" time="0.001" /><testcase classname="tests.evals.test_evidence" name="test_e0_e1_cannot_claim_observed_actions" time="0.001" /><testcase classname="tests.evals.test_evidence" name="test_e2_requires_observed_artifact_and_provenance" time="0.001" /><testcase classname="tests.evals.test_evidence" name="test_e3_requires_source_record_and_assertions" time="0.000" /><testcase classname="tests.evals.test_fidelity_audit" name="test_valid_evidence_fixture_directory_has_no_tier_violations" time="0.001" /><testcase classname="tests.evals.test_grader" name="test_blind_grader_payload_excludes_variant_and_lineage" time="0.001" /><testcase classname="tests.evals.test_pairing" name="test_pair_only_allows_variant_and_candidate_snapshot_difference" time="0.000" /><testcase classname="tests.evals.test_provider_policy" name="test_provider_registry_rejects_unknown_provider" time="0.000" /><testcase classname="tests.evals.test_provider_policy" name="test_cache_key_changes_with_host_model_snapshot" time="0.015" /><testcase classname="tests.evals.test_r3_functional" name="test_frozen_plan_exports_sixteen_oracle_free_executor_views" time="0.042" /><testcase classname="tests.evals.test_r3_functional" name="test_real_gif_ingest_derives_content_level_e3" time="0.160" /><testcase classname="tests.evals.test_r4_candidate" name="test_reference_anchor_rehashes_all_r3_artifacts_and_rejects_partial_match" time="0.196" /><testcase classname="tests.evals.test_r4_candidate" name="test_candidate_plan_exports_only_fresh_oracle_free_train_work" time="0.127" /><testcase classname="tests.evals.test_r4_candidate" name="test_candidate_plan_rejects_cross_model_reference_reuse" time="0.114" /><testcase classname="tests.evals.test_r4_candidate" name="test_train_gate_rejects_equal_candidate" time="0.006" /><testcase classname="tests.evals.test_r4_candidate" name="test_r4_controller_initializes_two_distinct_train_only_graph_branches" time="0.206" /><testcase classname="tests.evals.test_redaction" name="test_trace_rejects_secret_and_private_user_path" time="0.000" /><testcase classname="tests.evals.test_redaction" name="test_artifact_provider_rejects_sensitive_text" time="0.001" /><testcase classname="tests.evals.test_task_case" name="test_task_case_enforces_minimum_tier_and_score_composition" time="0.000" /><testcase classname="tests.evals.test_work_item_security" name="test_work_and_submission_reject_absolute_or_parent_paths" time="0.006" /><testcase classname="tests.evolution.test_models" name="test_failure_cluster_and_branch_are_strongly_typed" time="0.000" /><testcase classname="tests.evolution.test_models" name="test_lineage_queries_use_explicit_edges" time="0.000" /><testcase classname="tests.evolution.test_models" name="test_breeding_snapshot_physically_rejects_held_out_evidence" time="0.000" /><testcase classname="tests.evolution.test_models" name="test_lineage_index_rejects_missing_parent_instead_of_inferring_it" time="0.000" /><testcase classname="tests.evolution.test_parent_contract" name="test_parent_contract_fixtures_have_zero_false_accept_or_reject[ancestor_descendant]" time="0.000" /><testcase classname="tests.evolution.test_parent_contract" name="test_parent_contract_fixtures_have_zero_false_accept_or_reject[cross_package]" time="0.000" /><testcase classname="tests.evolution.test_parent_contract" name="test_parent_contract_fixtures_have_zero_false_accept_or_reject[different_root]" time="0.000" /><testcase classname="tests.evolution.test_parent_contract" name="test_parent_contract_fixtures_have_zero_false_accept_or_reject[different_snapshot]" time="0.000" /><testcase classname="tests.evolution.test_parent_contract" name="test_parent_contract_fixtures_have_zero_false_accept_or_reject[duplicate_candidate]" time="0.000" /><testcase classname="tests.evolution.test_parent_contract" name="test_parent_contract_fixtures_have_zero_false_accept_or_reject[duplicate_content]" time="0.000" /><testcase classname="tests.evolution.test_parent_contract" name="test_parent_contract_fixtures_have_zero_false_accept_or_reject[duplicate_contribution]" time="0.000" /><testcase classname="tests.evolution.test_parent_contract" name="test_parent_contract_fixtures_have_zero_false_accept_or_reject[empty_contribution]" time="0.000" /><testcase classname="tests.evolution.test_parent_contract" name="test_parent_contract_fixtures_have_zero_false_accept_or_reject[same_branch]" time="0.000" /><testcase classname="tests.evolution.test_parent_contract" name="test_parent_contract_fixtures_have_zero_false_accept_or_reject[valid_same_root_divergent_branch]" time="0.000" /><testcase classname="tests.evolution.test_parent_contract" name="test_valid_parent_set_recomputes_lca_and_first_divergent_children" time="0.000" /><testcase classname="tests.evolution.test_parent_contract" name="test_unknown_legacy_parent_is_never_silently_promoted" time="0.000" /><testcase classname="tests.evolution.test_parent_sets" name="test_parent_sets_are_same_package_same_root_and_cross_package_is_never_merge" time="0.000" /><testcase classname="tests.evolution.test_pool_migration" name="test_v1_pool_is_read_through_additive_v2_migration_without_lineage_inference" time="0.004" /><testcase classname="tests.evolution.test_pool_migration" name="test_explicit_v2_identity_round_trips_as_merge_eligible" time="0.007" /><testcase classname="tests.evolution.test_selection_lock" name="test_snapshot_hash_and_lock_are_deterministic_and_immutable" time="0.000" /><testcase classname="tests.evolution.test_selection_lock" name="test_held_out_selection_feature_is_rejected" time="0.000" /><testcase classname="tests.integration.test_mock_run" name="test_mock_vertical_slice_is_reproducible" time="0.198" /><testcase classname="tests.mutation.test_proposer" name="test_proposal_store_resume_and_idempotent_ingest" time="0.004" /><testcase classname="tests.mutation.test_replace_text_file" name="test_replace_text_file_applies_full_auditable_skill_edit" time="0.081" /><testcase classname="tests.mutation.test_schema_applier" name="test_schema_rejects_path_escape_and_unknown_op" time="0.022" /><testcase classname="tests.mutation.test_schema_applier" name="test_atomic_apply_materialize_and_rollback" time="0.086" /><testcase classname="tests.mutation.test_schema_applier" name="test_stale_parent_and_fault_injection_leave_no_partial_candidate" time="0.098" /><testcase classname="tests.optimizer.merge.test_closure" name="test_dependency_closure_keeps_container_reference_and_test" time="0.000" /><testcase classname="tests.optimizer.merge.test_conflicts" name="test_all_required_conflict_kinds_are_detected" time="0.001" /><testcase classname="tests.optimizer.merge.test_conflicts" name="test_complement_fixture_has_expected_contract_file" time="0.000" /><testcase classname="tests.optimizer.merge.test_deterministic" name="test_fixture_merge_is_deterministic_and_retains_both_parents" time="0.169" /><testcase classname="tests.optimizer.merge.test_lineage" name="test_multi_parent_lineage_is_materialized" time="0.168" /><testcase classname="tests.optimizer.merge.test_merge_proposer" name="test_resolution_cannot_edit_unrelated_path" time="0.000" /><testcase classname="tests.optimizer.merge.test_merge_proposer" name="test_resolution_rejects_stale_lca_precondition" time="0.000" /><testcase classname="tests.optimizer.merge.test_parent_selector" name="test_fixture_handoff_selection_is_train_only_and_contract_valid" time="0.001" /><testcase classname="tests.optimizer.merge.test_parent_selector" name="test_selector_rejects_heldout_breeding_features" time="0.001" /><testcase classname="tests.optimizer.test_adapter_asi" name="test_adapter_contract_preserves_failed_rows_and_matches_frontiers" time="0.048" /><testcase classname="tests.optimizer.test_adapter_asi" name="test_asi_audit_has_complete_tiered_evidence_without_trace_confusion" time="0.012" /><testcase classname="tests.optimizer.test_candidate" name="test_seed_candidate_exposes_ir_backed_package_components" time="0.011" /><testcase classname="tests.optimizer.test_candidate" name="test_candidate_is_immutable_and_derivation_preserves_parent_lineage" time="0.011" /><testcase classname="tests.optimizer.test_candidate" name="test_candidate_derivation_rejects_noop_and_unknown_component" time="0.011" /><testcase classname="tests.optimizer.test_frontier_store" name="test_official_gepa_version_and_state_contract_are_pinned" time="0.001" /><testcase classname="tests.optimizer.test_frontier_store" name="test_interrupted_candidate_store_matches_uninterrupted_frontier" time="0.044" /><testcase classname="tests.optimizer.test_materialize" name="test_seed_roundtrip_preserves_file_set_hash_and_permissions" time="0.023" /><testcase classname="tests.optimizer.test_materialize" name="test_derived_candidate_materializes_cross_component_changes" time="0.024" /><testcase classname="tests.optimizer.test_materialize" name="test_materialization_rejects_destination_escape_and_source_drift" time="0.014" /><testcase classname="tests.optimizer.test_selectors" name="test_all_selectors_share_contract_and_are_deterministic" time="0.016" /><testcase classname="tests.optimizer.test_selectors" name="test_graph_selector_localizes_fault_path" time="0.015" /><testcase classname="tests.optimizer.test_selectors" name="test_failure_union_preserves_seed_under_budget" time="0.014" /><testcase classname="tests.orchestration.test_orchestrator_contract" name="test_orchestrator_is_thin_and_has_valid_skill_metadata" time="0.001" /><testcase classname="tests.orchestration.test_orchestrator_contract" name="test_orchestrator_requires_isolated_blind_pairs" time="0.000" /><testcase classname="tests.package.test_cli" name="test_root_version_is_available_without_a_subcommand" time="0.030" /><testcase classname="tests.package.test_cli" name="test_root_without_arguments_still_shows_help" time="0.058" /><testcase classname="tests.package.test_cli" name="test_analyze_and_graph_validate_cli_vertical_slice" time="0.083" /><testcase classname="tests.package.test_graph_analysis" name="test_graph_diff_preserves_stable_nodes_and_bounds_blast_radius" time="0.028" /><testcase classname="tests.package.test_graph_analysis" name="test_dynamic_overlay_keeps_planned_and_observed_evidence_separate" time="0.016" /><testcase classname="tests.package.test_graph_analysis" name="test_reverse_slice_is_ranked_and_bounded" time="0.013" /><testcase classname="tests.package.test_graph_analysis" name="test_fault_corpus_detection_and_localization_meet_s3_thresholds" time="0.874" /><testcase classname="tests.package.test_graph_analysis" name="test_report_is_self_contained_and_embeds_graph_data" time="0.022" /><testcase classname="tests.package.test_invalid_frontmatter" name="test_invalid_yaml_frontmatter_is_a_diagnostic_not_a_parser_crash" time="0.002" /><testcase classname="tests.package.test_loader_and_ir" name="test_all_public_packages_are_fully_snapshotted_and_round_trip" time="0.079" /><testcase classname="tests.package.test_loader_and_ir" name="test_loader_rejects_symlink_escape" time="0.002" /><testcase classname="tests.package.test_loader_and_ir" name="test_markdown_semantic_node_ids_ignore_line_offsets" time="0.026" /><testcase classname="tests.package.test_loader_and_ir" name="test_python_ast_and_markdown_edges_are_semantic" time="0.010" /><testcase classname="tests.package.test_loader_and_ir" name="test_graph_json_conforms_to_public_schema" time="0.046" /><testcase classname="tests.package.test_r2_canary_package" name="test_pinned_slack_gif_creator_is_a_complete_package_snapshot" time="0.035" /><testcase classname="tests.package.test_r2_canary_package" name="test_canary_graph_connects_instructions_core_modules_and_dependencies" time="0.035" /><testcase classname="tests.reporting.test_canary_report" name="test_report_config_rejects_paths_outside_repository" time="0.000" /><testcase classname="tests.reporting.test_canary_report" name="test_collect_is_read_only_and_recomputes_r5_facts" time="0.309" /><testcase classname="tests.reporting.test_canary_report" name="test_build_and_verify_portable_report" time="0.452" /><testcase classname="tests.reporting.test_canary_report" name="test_report_inline_javascript_has_valid_syntax" time="0.257" /><testcase classname="tests.reporting.test_canary_report" name="test_report_cli_build_verify_and_detect_tamper" time="0.556" /><testcase classname="tests.reporting.test_canary_report" name="test_report_cli_deploys_only_after_verification" time="0.791" /><testcase classname="tests.statistics.test_paired" name="test_paired_bootstrap_and_mcnemar_are_deterministic" time="0.008" /><testcase classname="tests.statistics.test_paired" name="test_variance_budget_exhaustion_never_becomes_acceptance" time="0.005" /><testcase classname="tests.store.test_pool_separation" name="test_evolution_candidate_is_train_only_and_not_deployable" time="0.000" /><testcase classname="tests.store.test_pool_separation" name="test_deployable_entry_requires_gate_acceptance_and_children_reenter_s7" time="0.000" /><testcase classname="tests.store.test_rejected" name="test_rejected_store_is_immutable_and_searchable" time="0.003" /><testcase classname="tests.unit.test_artifacts" name="test_artifact_round_trip_and_tamper_detection" time="0.002" /><testcase classname="tests.unit.test_artifacts" name="test_event_log_is_append_only" time="0.001" /><testcase classname="tests.unit.test_artifacts" name="test_existing_external_file_can_be_indexed_without_rewrite" time="0.002" /><testcase classname="tests.unit.test_artifacts" name="test_prune_missing_removes_only_stale_index_entries" time="0.002" /><testcase classname="tests.unit.test_config" name="test_mock_config_is_typed_and_stable" time="0.002" /><testcase classname="tests.unit.test_config" name="test_minimum_tier_must_be_allowed" time="0.000" /><testcase classname="tests.unit.test_config" name="test_usage_token_counts_are_not_mistaken_for_credentials" time="0.000" /><testcase classname="tests.unit.test_config" name="test_role_scoped_headless_config_is_typed_but_does_not_resolve_secret" time="0.001" /><testcase classname="tests.unit.test_config" name="test_headless_provider_requires_only_secret_reference_not_secret_value" time="0.000" /><testcase classname="tests.unit.test_runtime" name="test_source_tree_hash_includes_untracked_nonignored_sources" time="0.115" /><testcase classname="tests.unit.test_s10_gates" name="test_structured_evidence_redacts_project_and_home_paths" time="0.003" /><testcase classname="tests.unit.test_s10_gates" name="test_learning_guide_matches_current_release_contract" time="0.005" /><testcase classname="tests.unit.test_secret_scan" name="test_canary_key_and_private_path_are_detected" time="0.002" /><testcase classname="tests.unit.test_secret_scan" name="test_schema_enum_is_not_misclassified_as_an_assigned_secret" time="0.001" /><testcase classname="tests.unit.test_secret_scan" name="test_embedded_task_identifier_is_not_misclassified_as_api_key" time="0.001" /><testcase classname="tests.unit.test_secret_scan" name="test_ignored_local_artifacts_are_not_release_evidence" time="0.002" /></testsuite></testsuites>